Removed Pin From Net: NetName=IO0 Pin=C14-2
Removed Pin From Net: NetName=IO0 Pin=C15-2
Removed Pin From Net: NetName=IO0 Pin=C16-2
Removed Pin From Net: NetName=IO0 Pin=C17-2
Removed Pin From Net: NetName=IO0 Pin=R18-1
Removed Pin From Net: NetName=IO0 Pin=R19-1
Removed Pin From Net: NetName=IO0 Pin=R20-1
Removed Pin From Net: NetName=IO0 Pin=R21-1
Removed Pin From Net: NetName=IO0 Pin=SW3-1
Removed Pin From Net: NetName=IO0 Pin=SW3-3
Removed Pin From Net: NetName=IO0 Pin=SW4-1
Removed Pin From Net: NetName=IO0 Pin=SW4-3
Removed Pin From Net: NetName=IO0 Pin=SW5-1
Removed Pin From Net: NetName=IO0 Pin=SW5-3
Removed Pin From Net: NetName=IO0 Pin=SW6-1
Removed Pin From Net: NetName=IO0 Pin=SW6-3
Added Pin To Net: NetName=IO14 Pin=C14-2
Added Pin To Net: NetName=IO27 Pin=C15-2
Added Pin To Net: NetName=IO26 Pin=C16-2
Added Pin To Net: NetName=IO25 Pin=C17-2
Added Pin To Net: NetName=IO18 Pin=L1-3
Added Pin To Net: NetName=IO23 Pin=L1-4
Added Pin To Net: NetName=IO17 Pin=L1-5
Added Pin To Net: NetName=IO16 Pin=L1-6
Added Pin To Net: NetName=IO5 Pin=L1-7
Added Pin To Net: NetName=IO12 Pin=R2-1
Added Pin To Net: NetName=IO13 Pin=R6-1
Added Pin To Net: NetName=IO4 Pin=R9-1
Added Pin To Net: NetName=IO15 Pin=R13-1
Added Pin To Net: NetName=IO14 Pin=R18-1
Added Pin To Net: NetName=IO27 Pin=R19-1
Added Pin To Net: NetName=IO26 Pin=R20-1
Added Pin To Net: NetName=IO25 Pin=R21-1
Added Pin To Net: NetName=IO14 Pin=SW3-1
Added Pin To Net: NetName=IO14 Pin=SW3-3
Added Pin To Net: NetName=IO27 Pin=SW4-1
Added Pin To Net: NetName=IO27 Pin=SW4-3
Added Pin To Net: NetName=IO26 Pin=SW5-1
Added Pin To Net: NetName=IO26 Pin=SW5-3
Added Pin To Net: NetName=IO25 Pin=SW6-1
Added Pin To Net: NetName=IO25 Pin=SW6-3
Added Room: Name=PJ_GRA_F
